<?xml version="1.0" encoding="UTF-8"?>
<!-- Generated by org.testng.reporters.JUnitReportReporter -->
<testsuite skipped="0" hostname="INCHXL214A6DC82" name="selenium4.latest.TestSelenium" tests="6" failures="0" timestamp="23 Nov 2021 10:24:59 GMT" time="50.930" errors="0">
  <testcase name="loginbanking" time="3.781" classname="selenium4.latest.TestSelenium"/>
  <testcase name="loginbanking" time="5.663" classname="selenium4.latest.TestSelenium"/>
  <testcase name="addnewCustomer" time="26.163" classname="selenium4.latest.TestSelenium"/>
  <testcase name="addnewCustomer" time="8.089" classname="selenium4.latest.TestSelenium"/>
  <testcase name="opentabledemoPage" time="3.709" classname="selenium4.latest.TestSelenium"/>
  <testcase name="opentabledemoPage" time="3.525" classname="selenium4.latest.TestSelenium"/>
</testsuite> <!-- selenium4.latest.TestSelenium -->
