<?xml version="1.0" encoding="UTF-8"?>
<!-- Generated by org.testng.reporters.JUnitReportReporter -->
<testsuite skipped="0" hostname="INCHXL214A6DC82" name="selenium4.latest.TestSelenium" tests="3" failures="0" timestamp="16 Nov 2021 09:25:33 GMT" time="5.368" errors="0">
  <testcase name="loginbanking" time="1.479" classname="selenium4.latest.TestSelenium"/>
  <testcase name="addnewCustomer" time="2.081" classname="selenium4.latest.TestSelenium"/>
  <testcase name="opentabledemoPage" time="1.808" classname="selenium4.latest.TestSelenium"/>
</testsuite> <!-- selenium4.latest.TestSelenium -->
